#
# There is insufficient memory for the Java Runtime Environment to continue.
# Native memory allocation (malloc) failed to allocate 110992 bytes for Chunk::new
# Possible reasons:
#   The system is out of physical RAM or swap space
#   The process is running with CompressedOops enabled, and the Java Heap may be blocking the growth of the native heap
# Possible solutions:
#   Reduce memory load on the system
#   Increase physical memory or swap space
#   Check if swap backing store is full
#   Decrease Java heap size (-Xmx/-Xms)
#   Decrease number of Java threads
#   Decrease Java thread stack sizes (-Xss)
#   Set larger code cache with -XX:ReservedCodeCacheSize=
#   JVM is running with Unscaled Compressed Oops mode in which the Java heap is
#     placed in the first 4GB address space. The Java Heap base address is the
#     maximum limit for the native heap growth. Please use -XX:HeapBaseMinAddress
#     to set the Java Heap base and to place the Java Heap above 4GB virtual address.
# This output file may be truncated or incomplete.
#
#  Out of Memory Error (allocation.cpp:390), pid=16112, tid=0x0000000000002c2c
#
# JRE version: Java(TM) SE Runtime Environment (8.0_201-b09) (build 1.8.0_201-b09)
# Java VM: Java HotSpot(TM) 64-Bit Server VM (25.201-b09 mixed mode windows-amd64 compressed oops)
# Failed to write core dump. Minidumps are not enabled by default on client versions of Windows
#

---------------  T H R E A D  ---------------

Current thread (0x0000000017fad800):  JavaThread "C2 CompilerThread0" daemon [_thread_in_native, id=11308, stack(0x00000000199d0000,0x0000000019ad0000)]

Stack: [0x00000000199d0000,0x0000000019ad0000]
[error occurred during error reporting (printing stack bounds), id 0xc0000005]

Native frames: (J=compiled Java code, j=interpreted, Vv=VM code, C=native code)


Current CompileTask:
C2:   3880 2198       4       java.net.URLClassLoader$1::run (5 bytes)


---------------  P R O C E S S  ---------------

Java Threads: ( => current thread )
  0x0000000019380800 JavaThread "Service Thread" daemon [_thread_blocked, id=2260, stack(0x0000000019cd0000,0x0000000019dd0000)]
  0x0000000017fbe800 JavaThread "C1 CompilerThread2" daemon [_thread_in_native, id=8744, stack(0x0000000019bd0000,0x0000000019cd0000)]
  0x0000000017fb1000 JavaThread "C2 CompilerThread1" daemon [_thread_in_native, id=6212, stack(0x0000000019ad0000,0x0000000019bd0000)]
=>0x0000000017fad800 JavaThread "C2 CompilerThread0" daemon [_thread_in_native, id=11308, stack(0x00000000199d0000,0x0000000019ad0000)]
  0x0000000017fab800 JavaThread "Monitor Ctrl-Break" daemon [_thread_in_native, id=12452, stack(0x00000000198d0000,0x00000000199d0000)]
  0x0000000017f87000 JavaThread "Attach Listener" daemon [_thread_blocked, id=2992, stack(0x00000000197d0000,0x00000000198d0000)]
  0x0000000019313800 JavaThread "Signal Dispatcher" daemon [_thread_blocked, id=10692, stack(0x00000000196d0000,0x00000000197d0000)]
  0x0000000017f50800 JavaThread "Finalizer" daemon [_thread_blocked, id=13096, stack(0x00000000191d0000,0x00000000192d0000)]
  0x0000000003417000 JavaThread "Reference Handler" daemon [_thread_blocked, id=8616, stack(0x00000000190d0000,0x00000000191d0000)]
  0x0000000003326000 JavaThread "main" [_thread_in_vm, id=508, stack(0x0000000003050000,0x0000000003150000)]

Other Threads:
  0x0000000017f27000 VMThread [stack: 0x0000000018fd0000,0x00000000190d0000] [id=14864]
  0x00000000193de000 WatcherThread [stack: 0x0000000019dd0000,0x0000000019ed0000] [id=11392]

VM state:not at safepoint (normal execution)

VM Mutex/Monitor currently owned by a thread: None

heap address: 0x0000000081a00000, size: 2022 MB, Compressed Oops mode: 32-bit
Narrow klass base: 0x0000000000000000, Narrow klass shift: 3
Compressed class space size: 1073741824 Address: 0x0000000100000000

Heap:
 PSYoungGen      total 71680K, used 17785K [0x00000000d5e00000, 0x00000000da900000, 0x0000000100000000)
  eden space 66560K, 19% used [0x00000000d5e00000,0x00000000d6a5f410,0x00000000d9f00000)
  from space 5120K, 99% used [0x00000000da400000,0x00000000da8ff278,0x00000000da900000)
  to   space 5120K, 0% used [0x00000000d9f00000,0x00000000d9f00000,0x00000000da400000)
 ParOldGen       total 52736K, used 8117K [0x0000000081a00000, 0x0000000084d80000, 0x00000000d5e00000)
  object space 52736K, 15% used [0x0000000081a00000,0x00000000821ed4f0,0x0000000084d80000)
 Metaspace       used 27633K, capacity 28502K, committed 28720K, reserved 1075200K
  class space    used 3558K, capacity 3777K, committed 3888K, reserved 1048576K

Card table byte_map: [0x00000000127e0000,0x0000000012be0000] byte_map_base: 0x00000000123d3000

Marking Bits: (ParMarkBitMap*) 0x0000000057c74ce0
 Begin Bits: [0x0000000013290000, 0x0000000015228000)
 End Bits:   [0x0000000015228000, 0x00000000171c0000)

Polling page: 0x0000000000eb0000

CodeCache: size=245760Kb used=8465Kb max_used=8465Kb free=237294Kb
 bounds [0x0000000003420000, 0x0000000003c70000, 0x0000000012420000]
 total_blobs=2822 nmethods=2411 adapters=323
 compilation: enabled

Compilation events (10 events):
Event: 3.869 Thread 0x0000000017fbe800 nmethod 2414 0x0000000003c62fd0 code [0x0000000003c63140, 0x0000000003c633a8]
Event: 3.869 Thread 0x0000000017fbe800 2415       3       org.springframework.asm.ClassWriter::visitMethod (57 bytes)
Event: 3.869 Thread 0x0000000017fbe800 nmethod 2415 0x0000000003c63490 code [0x0000000003c63600, 0x0000000003c638e8]
Event: 3.869 Thread 0x0000000017fbe800 2416       3       org.springframework.cglib.core.CodeEmitter::end_method (7 bytes)
Event: 3.870 Thread 0x0000000017fbe800 nmethod 2416 0x0000000003c63a10 code [0x0000000003c63ba0, 0x0000000003c63fa8]
Event: 3.870 Thread 0x0000000017fbe800 2417       3       org.springframework.asm.MethodWriter::computeMethodInfoSize (682 bytes)
Event: 3.873 Thread 0x0000000017fbe800 nmethod 2417 0x0000000003c64110 code [0x0000000003c64480, 0x0000000003c66318]
Event: 3.873 Thread 0x0000000017fbe800 2421       3       org.springframework.asm.ClassReader::getFirstAttributeOffset (136 bytes)
Event: 3.874 Thread 0x0000000017fbe800 nmethod 2421 0x0000000003c66d10 code [0x0000000003c66f20, 0x0000000003c67818]
Event: 3.874 Thread 0x0000000017fbe800 2419       3       org.springframework.asm.MethodWriter::putMethodInfo (1407 bytes)

GC Heap History (10 events):
Event: 2.113 GC heap before
{Heap before GC invocations=3 (full 0):
 PSYoungGen      total 38400K, used 38398K [0x00000000d5e00000, 0x00000000da900000, 0x0000000100000000)
  eden space 33280K, 100% used [0x00000000d5e00000,0x00000000d7e80000,0x00000000d7e80000)
  from space 5120K, 99% used [0x00000000d8380000,0x00000000d887f820,0x00000000d8880000)
  to   space 5120K, 0% used [0x00000000d7e80000,0x00000000d7e80000,0x00000000d8380000)
 ParOldGen       total 87552K, used 506K [0x0000000081a00000, 0x0000000086f80000, 0x00000000d5e00000)
  object space 87552K, 0% used [0x0000000081a00000,0x0000000081a7ea68,0x0000000086f80000)
 Metaspace       used 15991K, capacity 16428K, committed 16640K, reserved 1062912K
  class space    used 2089K, capacity 2210K, committed 2304K, reserved 1048576K
Event: 2.124 GC heap after
Heap after GC invocations=3 (full 0):
 PSYoungGen      total 38400K, used 5111K [0x00000000d5e00000, 0x00000000da900000, 0x0000000100000000)
  eden space 33280K, 0% used [0x00000000d5e00000,0x00000000d5e00000,0x00000000d7e80000)
  from space 5120K, 99% used [0x00000000d7e80000,0x00000000d837df58,0x00000000d8380000)
  to   space 5120K, 0% used [0x00000000da400000,0x00000000da400000,0x00000000da900000)
 ParOldGen       total 87552K, used 1690K [0x0000000081a00000, 0x0000000086f80000, 0x00000000d5e00000)
  object space 87552K, 1% used [0x0000000081a00000,0x0000000081ba6858,0x0000000086f80000)
 Metaspace       used 15991K, capacity 16428K, committed 16640K, reserved 1062912K
  class space    used 2089K, capacity 2210K, committed 2304K, reserved 1048576K
}
Event: 2.506 GC heap before
{Heap before GC invocations=4 (full 0):
 PSYoungGen      total 38400K, used 38391K [0x00000000d5e00000, 0x00000000da900000, 0x0000000100000000)
  eden space 33280K, 100% used [0x00000000d5e00000,0x00000000d7e80000,0x00000000d7e80000)
  from space 5120K, 99% used [0x00000000d7e80000,0x00000000d837df58,0x00000000d8380000)
  to   space 5120K, 0% used [0x00000000da400000,0x00000000da400000,0x00000000da900000)
 ParOldGen       total 87552K, used 1690K [0x0000000081a00000, 0x0000000086f80000, 0x00000000d5e00000)
  object space 87552K, 1% used [0x0000000081a00000,0x0000000081ba6858,0x0000000086f80000)
 Metaspace       used 19598K, capacity 20206K, committed 20480K, reserved 1067008K
  class space    used 2563K, capacity 2733K, committed 2816K, reserved 1048576K
Event: 2.517 GC heap after
Heap after GC invocations=4 (full 0):
 PSYoungGen      total 71680K, used 5117K [0x00000000d5e00000, 0x00000000da900000, 0x0000000100000000)
  eden space 66560K, 0% used [0x00000000d5e00000,0x00000000d5e00000,0x00000000d9f00000)
  from space 5120K, 99% used [0x00000000da400000,0x00000000da8ff6f0,0x00000000da900000)
  to   space 5120K, 0% used [0x00000000d9f00000,0x00000000d9f00000,0x00000000da400000)
 ParOldGen       total 87552K, used 4220K [0x0000000081a00000, 0x0000000086f80000, 0x00000000d5e00000)
  object space 87552K, 4% used [0x0000000081a00000,0x0000000081e1f2f8,0x0000000086f80000)
 Metaspace       used 19598K, capacity 20206K, committed 20480K, reserved 1067008K
  class space    used 2563K, capacity 2733K, committed 2816K, reserved 1048576K
}
Event: 2.601 GC heap before
{Heap before GC invocations=5 (full 0):
 PSYoungGen      total 71680K, used 15397K [0x00000000d5e00000, 0x00000000da900000, 0x0000000100000000)
  eden space 66560K, 15% used [0x00000000d5e00000,0x00000000d6809fb0,0x00000000d9f00000)
  from space 5120K, 99% used [0x00000000da400000,0x00000000da8ff6f0,0x00000000da900000)
  to   space 5120K, 0% used [0x00000000d9f00000,0x00000000d9f00000,0x00000000da400000)
 ParOldGen       total 87552K, used 4220K [0x0000000081a00000, 0x0000000086f80000, 0x00000000d5e00000)
  object space 87552K, 4% used [0x0000000081a00000,0x0000000081e1f2f8,0x0000000086f80000)
 Metaspace       used 20645K, capacity 21218K, committed 21296K, reserved 1067008K
  class space    used 2661K, capacity 2835K, committed 2864K, reserved 1048576K
Event: 2.609 GC heap after
Heap after GC invocations=5 (full 0):
 PSYoungGen      total 71680K, used 5115K [0x00000000d5e00000, 0x00000000da900000, 0x0000000100000000)
  eden space 66560K, 0% used [0x00000000d5e00000,0x00000000d5e00000,0x00000000d9f00000)
  from space 5120K, 99% used [0x00000000d9f00000,0x00000000da3fed28,0x00000000da400000)
  to   space 5120K, 0% used [0x00000000da400000,0x00000000da400000,0x00000000da900000)
 ParOldGen       total 87552K, used 4864K [0x0000000081a00000, 0x0000000086f80000, 0x00000000d5e00000)
  object space 87552K, 5% used [0x0000000081a00000,0x0000000081ec01d0,0x0000000086f80000)
 Metaspace       used 20645K, capacity 21218K, committed 21296K, reserved 1067008K
  class space    used 2661K, capacity 2835K, committed 2864K, reserved 1048576K
}
Event: 2.609 GC heap before
{Heap before GC invocations=6 (full 1):
 PSYoungGen      total 71680K, used 5115K [0x00000000d5e00000, 0x00000000da900000, 0x0000000100000000)
  eden space 66560K, 0% used [0x00000000d5e00000,0x00000000d5e00000,0x00000000d9f00000)
  from space 5120K, 99% used [0x00000000d9f00000,0x00000000da3fed28,0x00000000da400000)
  to   space 5120K, 0% used [0x00000000da400000,0x00000000da400000,0x00000000da900000)
 ParOldGen       total 87552K, used 4864K [0x0000000081a00000, 0x0000000086f80000, 0x00000000d5e00000)
  object space 87552K, 5% used [0x0000000081a00000,0x0000000081ec01d0,0x0000000086f80000)
 Metaspace       used 20645K, capacity 21218K, committed 21296K, reserved 1067008K
  class space    used 2661K, capacity 2835K, committed 2864K, reserved 1048576K
Event: 2.651 GC heap after
Heap after GC invocations=6 (full 1):
 PSYoungGen      total 71680K, used 0K [0x00000000d5e00000, 0x00000000da900000, 0x0000000100000000)
  eden space 66560K, 0% used [0x00000000d5e00000,0x00000000d5e00000,0x00000000d9f00000)
  from space 5120K, 0% used [0x00000000d9f00000,0x00000000d9f00000,0x00000000da400000)
  to   space 5120K, 0% used [0x00000000da400000,0x00000000da400000,0x00000000da900000)
 ParOldGen       total 52736K, used 5630K [0x0000000081a00000, 0x0000000084d80000, 0x00000000d5e00000)
  object space 52736K, 10% used [0x0000000081a00000,0x0000000081f7fb08,0x0000000084d80000)
 Metaspace       used 20645K, capacity 21218K, committed 21296K, reserved 1067008K
  class space    used 2661K, capacity 2835K, committed 2864K, reserved 1048576K
}
Event: 3.512 GC heap before
{Heap before GC invocations=7 (full 1):
 PSYoungGen      total 71680K, used 66560K [0x00000000d5e00000, 0x00000000da900000, 0x0000000100000000)
  eden space 66560K, 100% used [0x00000000d5e00000,0x00000000d9f00000,0x00000000d9f00000)
  from space 5120K, 0% used [0x00000000d9f00000,0x00000000d9f00000,0x00000000da400000)
  to   space 5120K, 0% used [0x00000000da400000,0x00000000da400000,0x00000000da900000)
 ParOldGen       total 52736K, used 5630K [0x0000000081a00000, 0x0000000084d80000, 0x00000000d5e00000)
  object space 52736K, 10% used [0x0000000081a00000,0x0000000081f7fb08,0x0000000084d80000)
 Metaspace       used 26686K, capacity 27568K, committed 27824K, reserved 1073152K
  class space    used 3455K, capacity 3680K, committed 3760K, reserved 1048576K
Event: 3.524 GC heap after
Heap after GC invocations=7 (full 1):
 PSYoungGen      total 71680K, used 5116K [0x00000000d5e00000, 0x00000000da900000, 0x0000000100000000)
  eden space 66560K, 0% used [0x00000000d5e00000,0x00000000d5e00000,0x00000000d9f00000)
  from space 5120K, 99% used [0x00000000da400000,0x00000000da8ff278,0x00000000da900000)
  to   space 5120K, 0% used [0x00000000d9f00000,0x00000000d9f00000,0x00000000da400000)
 ParOldGen       total 52736K, used 8117K [0x0000000081a00000, 0x0000000084d80000, 0x00000000d5e00000)
  object space 52736K, 15% used [0x0000000081a00000,0x00000000821ed4f0,0x0000000084d80000)
 Metaspace       used 26686K, capacity 27568K, committed 27824K, reserved 1073152K
  class space    used 3455K, capacity 3680K, committed 3760K, reserved 1048576K
}

Deoptimization events (10 events):
Event: 2.076 Thread 0x0000000003326000 Uncommon trap: reason=unstable_if action=reinterpret pc=0x00000000038094a8 method=java.net.URL.<init>(Ljava/net/URL;Ljava/lang/String;Ljava/net/URLStreamHandler;)V @ 347
Event: 2.216 Thread 0x0000000003326000 Uncommon trap: reason=null_assert action=make_not_entrant pc=0x00000000035df310 method=java.util.zip.ZipEntry.<init>(Ljava/util/zip/ZipEntry;)V @ 70
Event: 2.902 Thread 0x000000001a825000 Uncommon trap: reason=unstable_if action=reinterpret pc=0x00000000038ba824 method=jdk.internal.org.objectweb.asm.Type.getArgumentsAndReturnSizes(Ljava/lang/String;)I @ 47
Event: 2.953 Thread 0x000000001a825000 Uncommon trap: reason=unstable_if action=reinterpret pc=0x00000000039125f8 method=java.util.Properties$LineReader.readLine()I @ 252
Event: 2.954 Thread 0x000000001a825000 Uncommon trap: reason=unstable_if action=reinterpret pc=0x000000000390e4d0 method=java.util.Properties$LineReader.readLine()I @ 252
Event: 3.193 Thread 0x000000001a825000 Uncommon trap: reason=unstable_if action=reinterpret pc=0x0000000003aa1ea0 method=com.sun.org.apache.xerces.internal.impl.XMLEntityScanner.scanLiteral(ILcom/sun/org/apache/xerces/internal/xni/XMLString;Z)I @ 570
Event: 3.213 Thread 0x000000001a825000 Uncommon trap: reason=unstable_if action=reinterpret pc=0x0000000003aa4674 method=com.sun.org.apache.xerces.internal.impl.XMLEntityScanner.checkBeforeLoad(Lcom/sun/xml/internal/stream/Entity$ScannedEntity;II)I @ 18
Event: 3.267 Thread 0x000000001a825000 Uncommon trap: reason=unstable_if action=reinterpret pc=0x0000000003acffdc method=com.sun.org.apache.xerces.internal.impl.XMLEntityScanner.skipSpaces()Z @ 125
Event: 3.315 Thread 0x000000001a825000 Uncommon trap: reason=unstable_if action=reinterpret pc=0x0000000003b5bbf0 method=com.sun.org.apache.xerces.internal.util.SymbolTable.addSymbol([CII)Ljava/lang/String; @ 38
Event: 3.321 Thread 0x000000001a825000 Uncommon trap: reason=unstable_if action=reinterpret pc=0x0000000003b14c88 method=com.sun.org.apache.xerces.internal.util.SymbolTable.addSymbol([CII)Ljava/lang/String; @ 38

Classes redefined (0 events):
No events

Internal exceptions (10 events):
Event: 2.530 Thread 0x0000000003326000 Exception <a 'java/lang/ClassNotFoundException': org/springframework/core/PriorityOrderedCustomizer> (0x00000000d5ebfb78) thrown at [C:\re\workspace\8-2-build-windows-amd64-cygwin\jdk8u201\12322\hotspot\src\share\vm\classfile\systemDictionary.cpp, line 21
Event: 2.531 Thread 0x0000000003326000 Exception <a 'java/lang/ClassNotFoundException': org/springframework/core/OrderedCustomizer> (0x00000000d5ed0ed8) thrown at [C:\re\workspace\8-2-build-windows-amd64-cygwin\jdk8u201\12322\hotspot\src\share\vm\classfile\systemDictionary.cpp, line 210]
Event: 2.536 Thread 0x0000000003326000 Exception <a 'java/lang/ClassNotFoundException': org/springframework/context/ResourceLoaderAwareCustomizer> (0x00000000d601a250) thrown at [C:\re\workspace\8-2-build-windows-amd64-cygwin\jdk8u201\12322\hotspot\src\share\vm\classfile\systemDictionary.cpp, 
Event: 2.536 Thread 0x0000000003326000 Exception <a 'java/lang/ClassNotFoundException': org/springframework/beans/factory/AwareCustomizer> (0x00000000d602e678) thrown at [C:\re\workspace\8-2-build-windows-amd64-cygwin\jdk8u201\12322\hotspot\src\share\vm\classfile\systemDictionary.cpp, line 210
Event: 2.537 Thread 0x0000000003326000 Exception <a 'java/lang/ClassNotFoundException': org/springframework/beans/factory/BeanClassLoaderAwareCustomizer> (0x00000000d6045628) thrown at [C:\re\workspace\8-2-build-windows-amd64-cygwin\jdk8u201\12322\hotspot\src\share\vm\classfile\systemDictionar
Event: 2.538 Thread 0x0000000003326000 Exception <a 'java/lang/ClassNotFoundException': org/springframework/beans/factory/AwareCustomizer> (0x00000000d6059a68) thrown at [C:\re\workspace\8-2-build-windows-amd64-cygwin\jdk8u201\12322\hotspot\src\share\vm\classfile\systemDictionary.cpp, line 210
Event: 2.539 Thread 0x0000000003326000 Exception <a 'java/lang/ClassNotFoundException': org/springframework/context/EnvironmentAwareCustomizer> (0x00000000d606df88) thrown at [C:\re\workspace\8-2-build-windows-amd64-cygwin\jdk8u201\12322\hotspot\src\share\vm\classfile\systemDictionary.cpp, lin
Event: 2.539 Thread 0x0000000003326000 Exception <a 'java/lang/ClassNotFoundException': org/springframework/beans/factory/AwareCustomizer> (0x00000000d60822a8) thrown at [C:\re\workspace\8-2-build-windows-amd64-cygwin\jdk8u201\12322\hotspot\src\share\vm\classfile\systemDictionary.cpp, line 210
Event: 2.777 Thread 0x0000000003326000 Exception <a 'java/lang/IncompatibleClassChangeError': Found class java.lang.Object, but interface was expected> (0x00000000d6c4eab8) thrown at [C:\re\workspace\8-2-build-windows-amd64-cygwin\jdk8u201\12322\hotspot\src\share\vm\interpreter\linkResolver.cp
Event: 2.908 Thread 0x000000001a825000 Exception <a 'java/lang/IncompatibleClassChangeError': Found class java.lang.Object, but interface was expected> (0x00000000d77bfd08) thrown at [C:\re\workspace\8-2-build-windows-amd64-cygwin\jdk8u201\12322\hotspot\src\share\vm\interpreter\linkResolver.cp

Events (10 events):
Event: 3.830 loading class com/google/gson/Gson
Event: 3.830 loading class com/google/gson/Gson done
Event: 3.830 loading class com/google/gson$Gson
Event: 3.830 loading class com/google/gson$Gson done
Event: 3.830 loading class javax/json/bind/Jsonb
Event: 3.830 loading class javax/json/bind/Jsonb done
Event: 3.830 loading class javax/json/bind$Jsonb
Event: 3.830 loading class javax/json/bind$Jsonb done
Event: 3.877 loading class org/springframework/boot/info/GitProperties
Event: 3.877 loading class org/springframework/boot/info/GitProperties done


Dynamic libraries:
0x00007ff7b87c0000 - 0x00007ff7b87f7000 	E:\Java\jdk1.8.0_201\bin\java.exe
0x00007ff844cc0000 - 0x00007ff844eb0000 	C:\WINDOWS\SYSTEM32\ntdll.dll
0x00007ff842da0000 - 0x00007ff842e52000 	C:\WINDOWS\System32\KERNEL32.DLL
0x00007ff842510000 - 0x00007ff8427b3000 	C:\WINDOWS\System32\KERNELBASE.dll
0x00007ff8449b0000 - 0x00007ff844a53000 	C:\WINDOWS\System32\ADVAPI32.dll
0x00007ff8447c0000 - 0x00007ff84485e000 	C:\WINDOWS\System32\msvcrt.dll
0x00007ff8438f0000 - 0x00007ff843987000 	C:\WINDOWS\System32\sechost.dll
0x00007ff842fc0000 - 0x00007ff8430e0000 	C:\WINDOWS\System32\RPCRT4.dll
0x00007ff843110000 - 0x00007ff8432a3000 	C:\WINDOWS\System32\USER32.dll
0x00007ff8424e0000 - 0x00007ff842501000 	C:\WINDOWS\System32\win32u.dll
0x00007ff842d70000 - 0x00007ff842d96000 	C:\WINDOWS\System32\GDI32.dll
0x00007ff842840000 - 0x00007ff8429d4000 	C:\WINDOWS\System32\gdi32full.dll
0x00007ff842ba0000 - 0x00007ff842c3e000 	C:\WINDOWS\System32\msvcp_win.dll
0x00007ff842c70000 - 0x00007ff842d6a000 	C:\WINDOWS\System32\ucrtbase.dll
0x00007ff837bb0000 - 0x00007ff837e35000 	C:\WINDOWS\WinSxS\amd64_microsoft.windows.common-controls_6595b64144ccf1df_6.0.18362.356_none_e6c4af7d130f27cc\COMCTL32.dll
0x00007ff843c80000 - 0x00007ff843fb6000 	C:\WINDOWS\System32\combase.dll
0x00007ff8427c0000 - 0x00007ff842840000 	C:\WINDOWS\System32\bcryptPrimitives.dll
0x00007ff8430e0000 - 0x00007ff84310e000 	C:\WINDOWS\System32\IMM32.DLL
0x0000000057d00000 - 0x0000000057dd1000 	E:\Java\jdk1.8.0_201\jre\bin\msvcr100.dll
0x0000000057450000 - 0x0000000057cf4000 	E:\Java\jdk1.8.0_201\jre\bin\server\jvm.dll
0x00007ff8447b0000 - 0x00007ff8447b8000 	C:\WINDOWS\System32\PSAPI.DLL
0x00007ff83e7e0000 - 0x00007ff83e804000 	C:\WINDOWS\SYSTEM32\WINMM.dll
0x00007ff83bc90000 - 0x00007ff83bc9a000 	C:\WINDOWS\SYSTEM32\VERSION.dll
0x00007ff8406f0000 - 0x00007ff8406f9000 	C:\WINDOWS\SYSTEM32\WSOCK32.dll
0x00007ff843a60000 - 0x00007ff843acf000 	C:\WINDOWS\System32\WS2_32.dll
0x00007ff83e7b0000 - 0x00007ff83e7dd000 	C:\WINDOWS\SYSTEM32\winmmbase.dll
0x00007ff842b50000 - 0x00007ff842b9a000 	C:\WINDOWS\System32\cfgmgr32.dll
0x00007ff83f820000 - 0x00007ff83f82f000 	E:\Java\jdk1.8.0_201\jre\bin\verify.dll
0x00007ff839810000 - 0x00007ff839839000 	E:\Java\jdk1.8.0_201\jre\bin\java.dll
0x00007ff826d30000 - 0x00007ff826d53000 	E:\Java\jdk1.8.0_201\jre\bin\instrument.dll
0x00007ff838490000 - 0x00007ff8384a6000 	E:\Java\jdk1.8.0_201\jre\bin\zip.dll
0x00007ff8440c0000 - 0x00007ff8447a5000 	C:\WINDOWS\System32\SHELL32.dll
0x00007ff842f10000 - 0x00007ff842fb9000 	C:\WINDOWS\System32\shcore.dll
0x00007ff841cb0000 - 0x00007ff84242e000 	C:\WINDOWS\System32\windows.storage.dll
0x00007ff841c10000 - 0x00007ff841c2f000 	C:\WINDOWS\System32\profapi.dll
0x00007ff841bc0000 - 0x00007ff841c0a000 	C:\WINDOWS\System32\powrprof.dll
0x00007ff841b90000 - 0x00007ff841ba0000 	C:\WINDOWS\System32\UMPDC.dll
0x00007ff843890000 - 0x00007ff8438e2000 	C:\WINDOWS\System32\shlwapi.dll
0x00007ff841ba0000 - 0x00007ff841bb1000 	C:\WINDOWS\System32\kernel.appcore.dll
0x00007ff842b30000 - 0x00007ff842b47000 	C:\WINDOWS\System32\cryptsp.dll
0x00007ff838070000 - 0x00007ff83808a000 	E:\IDEA\IntelliJ IDEA 2018.2.4\bin\breakgen64.dll
0x00007ff838150000 - 0x00007ff83816a000 	E:\Java\jdk1.8.0_201\jre\bin\net.dll
0x00007ff8329b0000 - 0x00007ff832b86000 	C:\WINDOWS\SYSTEM32\urlmon.dll
0x00007ff8347e0000 - 0x00007ff834a86000 	C:\WINDOWS\SYSTEM32\iertutil.dll
0x00007ff8415d0000 - 0x00007ff8415dc000 	C:\WINDOWS\SYSTEM32\CRYPTBASE.DLL
0x00007ff841400000 - 0x00007ff841467000 	C:\WINDOWS\system32\mswsock.dll
0x00007ff838130000 - 0x00007ff838141000 	E:\Java\jdk1.8.0_201\jre\bin\nio.dll
0x00007ff83a3a0000 - 0x00007ff83a3ad000 	E:\Java\jdk1.8.0_201\jre\bin\management.dll
0x00007ff820fe0000 - 0x00007ff82100f000 	C:\Program Files (x86)\Sangfor\SSL\ClientComponent\SangforNspX64.dll
0x00007ff843720000 - 0x00007ff843876000 	C:\WINDOWS\System32\ole32.dll
0x00007ff843990000 - 0x00007ff843a54000 	C:\WINDOWS\System32\OLEAUT32.dll
0x00007ff8293d0000 - 0x00007ff8293e6000 	C:\WINDOWS\system32\napinsp.dll
0x00007ff8293b0000 - 0x00007ff8293ca000 	C:\WINDOWS\system32\pnrpnsp.dll
0x00007ff8411b0000 - 0x00007ff84127a000 	C:\WINDOWS\SYSTEM32\DNSAPI.dll
0x00007ff843fc0000 - 0x00007ff843fc8000 	C:\WINDOWS\System32\NSI.dll
0x00007ff841110000 - 0x00007ff84114a000 	C:\WINDOWS\SYSTEM32\IPHLPAPI.DLL
0x00007ff8293a0000 - 0x00007ff8293ae000 	C:\WINDOWS\System32\winrnr.dll
0x00007ff83da20000 - 0x00007ff83da3c000 	C:\WINDOWS\system32\NLAapi.dll
0x00007ff82a9d0000 - 0x00007ff82a9e5000 	C:\WINDOWS\system32\wshbth.dll
0x00007ff83bbe0000 - 0x00007ff83bbea000 	C:\Windows\System32\rasadhlp.dll
0x00007ff83bd70000 - 0x00007ff83bde7000 	C:\WINDOWS\System32\fwpuclnt.dll
0x00007ff842c40000 - 0x00007ff842c66000 	C:\WINDOWS\System32\bcrypt.dll

VM Arguments:
jvm_args: -ea -Didea.test.cyclic.buffer.size=1048576 -javaagent:E:\IDEA\IntelliJ IDEA 2018.2.4\lib\idea_rt.jar=13537:E:\IDEA\IntelliJ IDEA 2018.2.4\bin -Dfile.encoding=UTF-8 
java_command: com.intellij.rt.execution.junit.JUnitStarter -ideVersion5 -junit4 cn.jxust.edu.maildemo.SimpleMailTest,sendMail
java_class_path (initial): E:\IDEA\IntelliJ IDEA 2018.2.4\lib\idea_rt.jar;E:\IDEA\IntelliJ IDEA 2018.2.4\plugins\junit\lib\junit-rt.jar;E:\IDEA\IntelliJ IDEA 2018.2.4\plugins\junit\lib\junit5-rt.jar;E:\Java\jdk1.8.0_201\jre\lib\charsets.jar;E:\Java\jdk1.8.0_201\jre\lib\deploy.jar;E:\Java\jdk1.8.0_201\jre\lib\ext\access-bridge-64.jar;E:\Java\jdk1.8.0_201\jre\lib\ext\cldrdata.jar;E:\Java\jdk1.8.0_201\jre\lib\ext\dnsns.jar;E:\Java\jdk1.8.0_201\jre\lib\ext\jaccess.jar;E:\Java\jdk1.8.0_201\jre\lib\ext\jfxrt.jar;E:\Java\jdk1.8.0_201\jre\lib\ext\localedata.jar;E:\Java\jdk1.8.0_201\jre\lib\ext\nashorn.jar;E:\Java\jdk1.8.0_201\jre\lib\ext\sunec.jar;E:\Java\jdk1.8.0_201\jre\lib\ext\sunjce_provider.jar;E:\Java\jdk1.8.0_201\jre\lib\ext\sunmscapi.jar;E:\Java\jdk1.8.0_201\jre\lib\ext\sunpkcs11.jar;E:\Java\jdk1.8.0_201\jre\lib\ext\zipfs.jar;E:\Java\jdk1.8.0_201\jre\lib\javaws.jar;E:\Java\jdk1.8.0_201\jre\lib\jce.jar;E:\Java\jdk1.8.0_201\jre\lib\jfr.jar;E:\Java\jdk1.8.0_201\jre\lib\jfxswt.jar;E:\Java\jdk1.8.0_201\jre\lib\jsse.jar;E:\Java\jdk1.8.0_201\jre\lib\management-agent.jar;E:\Java\jdk1.8.0_201\jre\lib\plugin.jar;E:\Java\jdk1.8.0_201\jre\lib\resources.jar;E:\Java\jdk1.8.0_201\jre\lib\rt.jar;E:\IDEA\learn\mail-demo\target\test-classes;E:\IDEA\learn\mail-demo\target\classes;E:\Maven\apache-maven-3.6.1-bin\apache-maven-3.6.1\repository\org\springframework\boot\spring-boot-starter-web\2.1.8.RELEASE\spring-boot-starter-web-2.1.8.RELEASE.jar;E:\Maven\apache-maven-3.6.1-bin\apache-maven-3.6.1\repository\org\springframework\boot\spring-boot-starter\2.1.8.RELEASE\spring-boot-starter-2.1.8.RELEASE.jar;E:\Maven\apache-maven-3.6.1-bin\apache-maven-3.6.1\repository\org\springframework\boot\spring-boot\2.1.8.RELEASE\spring-boot-2.1.8.RELEASE.jar;E:\Maven\apache-maven-3.6.1-bin\apache-maven-3.6.1\repository\org\springframework\boot\spring-boot-autoconfigure\2.1.8.RELEASE\spring-boot-autoconfigure-2.1.8.RELEASE.jar;E:\Maven\apache-maven-3.6.1-bin\apache-maven-3.6.1\repository\org\springfram
Launcher Type: SUN_STANDARD

Environment Variables:
JAVA_HOME=E:\Java\jdk1.8.0_201
CLASSPATH=E:\Java\jdk1.8.0_201
PATH=E:\Java\jdk1.8.0_201\bin;E:\Java\jdk1.8.0_201\jre\bin;C:\Program Files (x86)\Common Files\Oracle\Java\javapath;C:\WINDOWS\system32;C:\WINDOWS;C:\WINDOWS\System32\Wbem;C:\WINDOWS\System32\WindowsPowerShell\v1.0\;C:\WINDOWS\System32\OpenSSH\;E:\Program Files (x86)\Microsoft SQL Server\100\Tools\Binn\;E:\Program Files\Microsoft SQL Server\100\Tools\Binn\;E:\Program Files\Microsoft SQL Server\100\DTS\Binn\;E:\Program Files (x86)\Microsoft SQL Server\100\Tools\Binn\VSShell\Common7\IDE\;C:\Program Files (x86)\Microsoft Visual Studio 9.0\Common7\IDE\PrivateAssemblies\;E:\Program Files (x86)\Microsoft SQL Server\100\DTS\Binn\;E:\New Folder\;E:\Git\Git\cmd;C:\Program Files\MySQL\MySQL Server 5.7\bin;E:\Nodejs;E:\bin;C:\Users\hire\AppData\Local\Microsoft\WindowsApps;E:\Visual Studio Code\Microsoft VS Code\bin;C:\Users\hire\AppData\Roaming\npm;E:\Java\jdk1.8.0_201;
USERNAME=hire
OS=Windows_NT
PROCESSOR_IDENTIFIER=Intel64 Family 6 Model 78 Stepping 3, GenuineIntel



---------------  S Y S T E M  ---------------

OS: Windows 10.0 , 64 bit Build 18362 (10.0.18362.329)

CPU:total 4 (initial active 4) (2 cores per cpu, 2 threads per core) family 6 model 78 stepping 3, cmov, cx8, fxsr, mmx, sse, sse2, sse3, ssse3, sse4.1, sse4.2, popcnt, avx, avx2, aes, clmul, erms, 3dnowpref, lzcnt, ht, tsc, tscinvbit, bmi1, bmi2, adx

Memory: 4k page, physical 8282032k(1849924k free), swap 8282032k(5136k free)

vm_info: Java HotSpot(TM) 64-Bit Server VM (25.201-b09) for windows-amd64 JRE (1.8.0_201-b09), built on Dec 15 2018 18:36:39 by "java_re" with MS VC++ 10.0 (VS2010)

time: Fri Sep 20 17:43:05 2019
timezone: 中国标准时间
elapsed time: 3 seconds (0d 0h 0m 3s)

